{"name": "test_login[chrome]", "status": "broken", "statusDetails": {"message": "selenium.common.exceptions.TimeoutException: Message:", "trace": "self = <Tests.Test_LoginPage.Test_login object at 0x000001C9647707C0>\n\n    def test_login(self):\n        self.loginPage = LoginPage(self.driver)\n>       self.loginPage.do_login(TestData.USERNAME, TestData.PASSWORD)\n\nTests\\Test_LoginPage.py:9: \n_ _ _ _ _ _ _ _ _ _ _ _ _ _ _ _ _ _ _ _ _ _ _ _ _ _ _ _ _ _ _ _ _ _ _ _ _ _ _ _ _ _ _ _ _ _ _ _ _ _ _ _ _ _ _ _ _ _ _ _ _ _ _ _ _ _ _ _ _ _ _ _ _ _ _ _ _ _ _ _ _ _ _\nPages\\LoginPage.py:23: in do_login\n    status = self.is_displayed(self.LOGO)\nPages\\BasePage.py:32: in is_displayed\n    element = WebDriverWait(self.driver, 10).until(EC.visibility_of_element_located(by_locator))\n_ _ _ _ _ _ _ _ _ _ _ _ _ _ _ _ _ _ _ _ _ _ _ _ _ _ _ _ _ _ _ _ _ _ _ _ _ _ _ _ _ _ _ _ _ _ _ _ _ _ _ _ _ _ _ _ _ _ _ _ _ _ _ _ _ _ _ _ _ _ _ _ _ _ _ _ _ _ _ _ _ _ _\n\nself = <selenium.webdriver.support.wait.WebDriverWait (session=\"6b8767bb2e2710bba1007ea82b29db4b\")>\nmethod = <selenium.webdriver.support.expected_conditions.visibility_of_element_located object at 0x000001C96479BEB0>, message = ''\n\n    def until(self, method, message=''):\n        \"\"\"Calls the method provided with the driver as an argument until the \\\n        return value is not False.\"\"\"\n        screen = None\n        stacktrace = None\n    \n        end_time = time.time() + self._timeout\n        while True:\n            try:\n                value = method(self._driver)\n                if value:\n                    return value\n            except self._ignored_exceptions as exc:\n                screen = getattr(exc, 'screen', None)\n                stacktrace = getattr(exc, 'stacktrace', None)\n            time.sleep(self._poll)\n            if time.time() > end_time:\n                break\n>       raise TimeoutException(message, screen, stacktrace)\nE       selenium.common.exceptions.TimeoutException: Message:\n\nvenv\\lib\\site-packages\\selenium\\webdriver\\support\\wait.py:80: TimeoutException"}, "parameters": [{"name": "set_up", "value": "'chrome'"}], "start": 1632907638512, "stop": 1632907651316, "uuid": "f6597423-77f2-4791-acdf-049deb628b23", "historyId": "caf3de3e6585840731e9b9f1ba0180da", "testCaseId": "942497964766ff8d9f2572d2f28987d8", "fullName": "Tests.Test_LoginPage.Test_login#test_login", "labels": [{"name": "tag", "value": "@pytest.mark.usefixtures('set_up')"}, {"name": "parentSuite", "value": "Tests"}, {"name": "suite", "value": "Test_LoginPage"}, {"name": "subSuite", "value": "Test_login"}, {"name": "host", "value": "DESKTOP-S0C7IEU"}, {"name": "thread", "value": "12212-MainThread"}, {"name": "framework", "value": "pytest"}, {"name": "language", "value": "cpython3"}, {"name": "package", "value": "Tests.Test_LoginPage"}]}